<?xml version="1.0" encoding="UTF-8"?>
<testsuites name="edit profil" time="38.089" tests="1" failures="0" errors="0">
   <testsuite name="edit profil" tests="1" failures="0" errors="0" time="38.089" skipped="0" timestamp="2021-12-27 00:47:58" hostname="kb-fmf-kpm - localhost" id="Test Suites/Tugas 10/edit profil">
      <properties>
         <property name="deviceName" value="samsung SM-G770F (Android 10)"/>
         <property name="devicePlatform" value=""/>
         <property name="logFolder" value="/Users/kb-fmf-kpm/Documents/Katalon Project/Tugas Mobile sesi 10/Pertemuan 10 Mobile/Pertemuan-10-mobile-test/Reports/20211227_004754/Tugas 10/edit profil/20211227_004754"/>
         <property name="logFiles" value="/Users/kb-fmf-kpm/Documents/Katalon Project/Tugas Mobile sesi 10/Pertemuan 10 Mobile/Pertemuan-10-mobile-test/Reports/20211227_004754/Tugas 10/edit profil/20211227_004754/execution0.log, /Users/kb-fmf-kpm/Documents/Katalon Project/Tugas Mobile sesi 10/Pertemuan 10 Mobile/Pertemuan-10-mobile-test/Reports/20211227_004754/Tugas 10/edit profil/20211227_004754/appium.log"/>
         <property name="attachments" value=""/>
         <property name="hostName" value="kb-fmf-kpm - localhost"/>
         <property name="os" value="Mac OS X 64bit"/>
         <property name="appiumServerStatus" value="{&quot;value&quot;:{&quot;build&quot;:{&quot;version&quot;:&quot;1.22.0&quot;}},&quot;sessionId&quot;:null,&quot;status&quot;:0}"/>
         <property name="katalonVersion" value="8.1.0.208"/>
         <property name="deviceOS" value="Android"/>
         <property name="appiumVersion" value="1.22.0"/>
         <property name="deviceModel" value="SM-G770F"/>
         <property name="hostAddress" value="127.0.0.1"/>
         <property name="deviceManufacturer" value="samsung"/>
         <property name="deviceId" value="RR8N204HASH"/>
         <property name="deviceName" value="samsung SM-G770F (Android 10)"/>
         <property name="deviceOSVersion" value="10"/>
      </properties>
      <testcase name="Test Cases/Edit Profil" time="37.107" classname="Test Cases/Edit Profil" status="PASSED">
         <system-out><![CDATA[2021-12-27 00:47:58 - [TEST_CASE][PASSED] - Test Cases/Edit Profil: Test Cases/Edit Profil

2021-12-27 00:47:59 - [TEST_STEP][PASSED] - startApplication("/Users/kb-fmf-kpm/Downloads/ECommerce -SAMPLE-Android.apk", true): Started app at: '/Users/kb-fmf-kpm/Downloads/ECommerce -SAMPLE-Android.apk'

2021-12-27 00:48:00 - [MESSAGE][INFO] - Appium server started on port 59,424

2021-12-27 00:48:11 - [MESSAGE][PASSED] - Started app at: '/Users/kb-fmf-kpm/Downloads/ECommerce -SAMPLE-Android.apk'

2021-12-27 00:48:11 - [TEST_STEP][PASSED] - tap(findTestObject("Object Repository/Profil 2/android.widget.FrameLayout"), 0): Tapped on element 'Object Repository/Profil 2/android.widget.FrameLayout'

2021-12-27 00:48:11 - [MESSAGE][WARNING] - Timeout '0' is invalid. Using default page load timeout: '30'

2021-12-27 00:48:15 - [MESSAGE][PASSED] - Tapped on element 'Object Repository/Profil 2/android.widget.FrameLayout'

2021-12-27 00:48:15 - [TEST_STEP][PASSED] - tap(findTestObject("Object Repository/Profil 2/android.widget.TextView - EDIT"), 0): Tapped on element 'Object Repository/Profil 2/android.widget.TextView - EDIT'

2021-12-27 00:48:16 - [MESSAGE][WARNING] - Timeout '0' is invalid. Using default page load timeout: '30'

2021-12-27 00:48:16 - [MESSAGE][PASSED] - Tapped on element 'Object Repository/Profil 2/android.widget.TextView - EDIT'

2021-12-27 00:48:16 - [TEST_STEP][PASSED] - tap(findTestObject("Object Repository/Profil 2/android.widget.RelativeLayout"), 0): Tapped on element 'Object Repository/Profil 2/android.widget.RelativeLayout'

2021-12-27 00:48:16 - [MESSAGE][WARNING] - Timeout '0' is invalid. Using default page load timeout: '30'

2021-12-27 00:48:18 - [MESSAGE][PASSED] - Tapped on element 'Object Repository/Profil 2/android.widget.RelativeLayout'

2021-12-27 00:48:18 - [TEST_STEP][PASSED] - setText(findTestObject("Object Repository/Profil 2/android.widget.EditText - Your Name"), "asura", 0): Text 'asura' has been set to element 'Object Repository/Profil 2/android.widget.EditText - Your Name'

2021-12-27 00:48:18 - [MESSAGE][WARNING] - Timeout '0' is invalid. Using default page load timeout: '30'

2021-12-27 00:48:19 - [MESSAGE][PASSED] - Text 'asura' has been set to element 'Object Repository/Profil 2/android.widget.EditText - Your Name'

2021-12-27 00:48:19 - [TEST_STEP][PASSED] - tap(findTestObject("Object Repository/Profil 2/android.widget.Button - OK"), 0): Tapped on element 'Object Repository/Profil 2/android.widget.Button - OK'

2021-12-27 00:48:19 - [MESSAGE][WARNING] - Timeout '0' is invalid. Using default page load timeout: '30'

2021-12-27 00:48:20 - [MESSAGE][PASSED] - Tapped on element 'Object Repository/Profil 2/android.widget.Button - OK'

2021-12-27 00:48:20 - [TEST_STEP][PASSED] - tap(findTestObject("Object Repository/Profil 2/android.widget.RelativeLayout (1)"), 0): Tapped on element 'Object Repository/Profil 2/android.widget.RelativeLayout (1)'

2021-12-27 00:48:20 - [MESSAGE][WARNING] - Timeout '0' is invalid. Using default page load timeout: '30'

2021-12-27 00:48:21 - [MESSAGE][PASSED] - Tapped on element 'Object Repository/Profil 2/android.widget.RelativeLayout (1)'

2021-12-27 00:48:21 - [TEST_STEP][PASSED] - setText(findTestObject("Object Repository/Profil 2/android.widget.EditText - your.emailgmail.com"), "asura@gmail.com", 0): Text 'asura@gmail.com' has been set to element 'Object Repository/Profil 2/android.widget.EditText - your.emailgmail.com'

2021-12-27 00:48:21 - [MESSAGE][WARNING] - Timeout '0' is invalid. Using default page load timeout: '30'

2021-12-27 00:48:22 - [MESSAGE][PASSED] - Text 'asura@gmail.com' has been set to element 'Object Repository/Profil 2/android.widget.EditText - your.emailgmail.com'

2021-12-27 00:48:22 - [TEST_STEP][PASSED] - tap(findTestObject("Profil 2/android.widget.Button - OK"), 0): Tapped on element 'Object Repository/Profil 2/android.widget.Button - OK'

2021-12-27 00:48:22 - [MESSAGE][WARNING] - Timeout '0' is invalid. Using default page load timeout: '30'

2021-12-27 00:48:23 - [MESSAGE][PASSED] - Tapped on element 'Object Repository/Profil 2/android.widget.Button - OK'

2021-12-27 00:48:23 - [TEST_STEP][PASSED] - tap(findTestObject("Object Repository/Profil 2/android.widget.RelativeLayout (2)"), 0): Tapped on element 'Object Repository/Profil 2/android.widget.RelativeLayout (2)'

2021-12-27 00:48:23 - [MESSAGE][WARNING] - Timeout '0' is invalid. Using default page load timeout: '30'

2021-12-27 00:48:24 - [MESSAGE][PASSED] - Tapped on element 'Object Repository/Profil 2/android.widget.RelativeLayout (2)'

2021-12-27 00:48:24 - [TEST_STEP][PASSED] - setText(findTestObject("Object Repository/Profil 2/android.widget.EditText - 628123456789"), "0813877777000", 0): Text '0813877777000' has been set to element 'Object Repository/Profil 2/android.widget.EditText - 628123456789'

2021-12-27 00:48:24 - [MESSAGE][WARNING] - Timeout '0' is invalid. Using default page load timeout: '30'

2021-12-27 00:48:25 - [MESSAGE][PASSED] - Text '0813877777000' has been set to element 'Object Repository/Profil 2/android.widget.EditText - 628123456789'

2021-12-27 00:48:25 - [TEST_STEP][PASSED] - tap(findTestObject("Profil 2/android.widget.Button - OK"), 0): Tapped on element 'Object Repository/Profil 2/android.widget.Button - OK'

2021-12-27 00:48:25 - [MESSAGE][WARNING] - Timeout '0' is invalid. Using default page load timeout: '30'

2021-12-27 00:48:26 - [MESSAGE][PASSED] - Tapped on element 'Object Repository/Profil 2/android.widget.Button - OK'

2021-12-27 00:48:26 - [TEST_STEP][PASSED] - tap(findTestObject("Object Repository/Profil 2/android.widget.RelativeLayout (3)"), 0): Tapped on element 'Object Repository/Profil 2/android.widget.RelativeLayout (3)'

2021-12-27 00:48:26 - [MESSAGE][WARNING] - Timeout '0' is invalid. Using default page load timeout: '30'

2021-12-27 00:48:27 - [MESSAGE][PASSED] - Tapped on element 'Object Repository/Profil 2/android.widget.RelativeLayout (3)'

2021-12-27 00:48:27 - [TEST_STEP][PASSED] - setText(findTestObject("Object Repository/Profil 2/android.widget.EditText - Your Address"), "jalani bersama dia", 0): Text 'jalani bersama dia' has been set to element 'Object Repository/Profil 2/android.widget.EditText - Your Address'

2021-12-27 00:48:27 - [MESSAGE][WARNING] - Timeout '0' is invalid. Using default page load timeout: '30'

2021-12-27 00:48:28 - [MESSAGE][PASSED] - Text 'jalani bersama dia' has been set to element 'Object Repository/Profil 2/android.widget.EditText - Your Address'

2021-12-27 00:48:28 - [TEST_STEP][PASSED] - tap(findTestObject("Profil 2/android.widget.Button - OK"), 0): Tapped on element 'Object Repository/Profil 2/android.widget.Button - OK'

2021-12-27 00:48:28 - [MESSAGE][WARNING] - Timeout '0' is invalid. Using default page load timeout: '30'

2021-12-27 00:48:29 - [MESSAGE][PASSED] - Tapped on element 'Object Repository/Profil 2/android.widget.Button - OK'

2021-12-27 00:48:29 - [TEST_STEP][PASSED] - tap(findTestObject("Object Repository/Profil 2/android.widget.ImageButton"), 0): Tapped on element 'Object Repository/Profil 2/android.widget.ImageButton'

2021-12-27 00:48:29 - [MESSAGE][WARNING] - Timeout '0' is invalid. Using default page load timeout: '30'

2021-12-27 00:48:29 - [MESSAGE][PASSED] - Tapped on element 'Object Repository/Profil 2/android.widget.ImageButton'

2021-12-27 00:48:29 - [TEST_STEP][PASSED] - verifyMatch("asura", "asura", 0 == 0): Actual text 'asura' and expected text 'asura' are matched  using regular expression

2021-12-27 00:48:29 - [MESSAGE][PASSED] - Actual text 'asura' and expected text 'asura' are matched  using regular expression

2021-12-27 00:48:29 - [TEST_STEP][PASSED] - verifyMatch("asura@gmail.com", "asura@gmail.com", 0 == 0): Actual text 'asura@gmail.com' and expected text 'asura@gmail.com' are matched  using regular expression

2021-12-27 00:48:29 - [MESSAGE][PASSED] - Actual text 'asura@gmail.com' and expected text 'asura@gmail.com' are matched  using regular expression

2021-12-27 00:48:29 - [TEST_STEP][PASSED] - verifyMatch("0813877777000", "0813877777000", 0 == 0): Actual text '0813877777000' and expected text '0813877777000' are matched  using regular expression

2021-12-27 00:48:29 - [MESSAGE][PASSED] - Actual text '0813877777000' and expected text '0813877777000' are matched  using regular expression

2021-12-27 00:48:29 - [TEST_STEP][PASSED] - verifyMatch("jalani bersama dia", "jalani bersama dia", 0 == 0): Actual text 'jalani bersama dia' and expected text 'jalani bersama dia' are matched  using regular expression

2021-12-27 00:48:29 - [MESSAGE][PASSED] - Actual text 'jalani bersama dia' and expected text 'jalani bersama dia' are matched  using regular expression

2021-12-27 00:48:29 - [TEST_STEP][PASSED] - delay(5): Delayed 5 second(s)

2021-12-27 00:48:34 - [MESSAGE][PASSED] - Delayed 5 second(s)

2021-12-27 00:48:34 - [TEST_STEP][PASSED] - closeApplication(): Close app successfully

2021-12-27 00:48:36 - [MESSAGE][PASSED] - Close app successfully]]></system-out>
         <system-err><![CDATA[]]></system-err>
      </testcase>
      <system-out><![CDATA[2021-12-27 00:47:58 - [TEST_SUITE][PASSED] - edit profil: Test Cases/Edit Profil]]></system-out>
      <system-err><![CDATA[]]></system-err>
   </testsuite>
</testsuites>
