<?xml version="1.0" encoding="UTF-8"?>
<testsuites name="Add to Cart" time="28.157" tests="1" failures="0" errors="0">
   <testsuite name="Add to Cart" tests="1" failures="0" errors="0" time="28.157" skipped="0" timestamp="2021-12-27 00:49:17" hostname="kb-fmf-kpm - localhost" id="Test Suites/Tugas 10/Add to Cart">
      <properties>
         <property name="deviceName" value="samsung SM-G770F (Android 10)"/>
         <property name="devicePlatform" value=""/>
         <property name="logFolder" value="/Users/kb-fmf-kpm/Documents/Katalon Project/Tugas Mobile sesi 10/Pertemuan 10 Mobile/Pertemuan-10-mobile-test/Reports/20211227_004914/Tugas 10/Add to Cart/20211227_004914"/>
         <property name="logFiles" value="/Users/kb-fmf-kpm/Documents/Katalon Project/Tugas Mobile sesi 10/Pertemuan 10 Mobile/Pertemuan-10-mobile-test/Reports/20211227_004914/Tugas 10/Add to Cart/20211227_004914/execution0.log, /Users/kb-fmf-kpm/Documents/Katalon Project/Tugas Mobile sesi 10/Pertemuan 10 Mobile/Pertemuan-10-mobile-test/Reports/20211227_004914/Tugas 10/Add to Cart/20211227_004914/appium.log"/>
         <property name="attachments" value=""/>
         <property name="hostName" value="kb-fmf-kpm - localhost"/>
         <property name="os" value="Mac OS X 64bit"/>
         <property name="appiumServerStatus" value="{&quot;value&quot;:{&quot;build&quot;:{&quot;version&quot;:&quot;1.22.0&quot;}},&quot;sessionId&quot;:null,&quot;status&quot;:0}"/>
         <property name="katalonVersion" value="8.1.0.208"/>
         <property name="deviceOS" value="Android"/>
         <property name="appiumVersion" value="1.22.0"/>
         <property name="deviceModel" value="SM-G770F"/>
         <property name="hostAddress" value="127.0.0.1"/>
         <property name="deviceManufacturer" value="samsung"/>
         <property name="deviceId" value="RR8N204HASH"/>
         <property name="deviceName" value="samsung SM-G770F (Android 10)"/>
         <property name="deviceOSVersion" value="10"/>
      </properties>
      <testcase name="Test Cases/Add to cart" time="27.174" classname="Test Cases/Add to cart" status="PASSED">
         <system-out><![CDATA[2021-12-27 00:49:18 - [TEST_CASE][PASSED] - Test Cases/Add to cart: Test Cases/Add to cart

2021-12-27 00:49:18 - [TEST_STEP][PASSED] - startApplication("/Users/kb-fmf-kpm/Downloads/ECommerce -SAMPLE-Android.apk", true): Started app at: '/Users/kb-fmf-kpm/Downloads/ECommerce -SAMPLE-Android.apk'

2021-12-27 00:49:20 - [MESSAGE][INFO] - Appium server started on port 59,578

2021-12-27 00:49:31 - [MESSAGE][PASSED] - Started app at: '/Users/kb-fmf-kpm/Downloads/ECommerce -SAMPLE-Android.apk'

2021-12-27 00:49:31 - [TEST_STEP][PASSED] - tap(findTestObject("Object Repository/Add to cart/android.widget.ImageView"), 0): Tapped on element 'Object Repository/Add to cart/android.widget.ImageView'

2021-12-27 00:49:31 - [MESSAGE][WARNING] - Timeout '0' is invalid. Using default page load timeout: '30'

2021-12-27 00:49:35 - [MESSAGE][PASSED] - Tapped on element 'Object Repository/Add to cart/android.widget.ImageView'

2021-12-27 00:49:35 - [TEST_STEP][PASSED] - tap(findTestObject("Object Repository/Add to cart/android.widget.Button - ADD TO CART"), 0): Tapped on element 'Object Repository/Add to cart/android.widget.Button - ADD TO CART'

2021-12-27 00:49:36 - [MESSAGE][WARNING] - Timeout '0' is invalid. Using default page load timeout: '30'

2021-12-27 00:49:36 - [MESSAGE][PASSED] - Tapped on element 'Object Repository/Add to cart/android.widget.Button - ADD TO CART'

2021-12-27 00:49:36 - [TEST_STEP][PASSED] - setText(findTestObject("Object Repository/Add to cart/android.widget.EditText"), "1", 0): Text '1' has been set to element 'Object Repository/Add to cart/android.widget.EditText'

2021-12-27 00:49:36 - [MESSAGE][WARNING] - Timeout '0' is invalid. Using default page load timeout: '30'

2021-12-27 00:49:38 - [MESSAGE][PASSED] - Text '1' has been set to element 'Object Repository/Add to cart/android.widget.EditText'

2021-12-27 00:49:38 - [TEST_STEP][PASSED] - tap(findTestObject("Object Repository/Add to cart/android.widget.Button - ADD"), 0): Tapped on element 'Object Repository/Add to cart/android.widget.Button - ADD'

2021-12-27 00:49:38 - [MESSAGE][WARNING] - Timeout '0' is invalid. Using default page load timeout: '30'

2021-12-27 00:49:38 - [MESSAGE][PASSED] - Tapped on element 'Object Repository/Add to cart/android.widget.Button - ADD'

2021-12-27 00:49:38 - [TEST_STEP][PASSED] - driver = getDriver(): null

2021-12-27 00:49:38 - [TEST_STEP][PASSED] - toast = driver.findElementByXPath("//android.widget.Toast[@text='Success add Product to cart']"): null

2021-12-27 00:49:39 - [TEST_STEP][PASSED] - println("Toast element: " + toast): null

2021-12-27 00:49:39 - [TEST_STEP][PASSED] - if (toast == null): null

2021-12-27 00:49:39 - [TEST_STEP][PASSED] - delay(5): Delayed 5 second(s)

2021-12-27 00:49:44 - [MESSAGE][PASSED] - Delayed 5 second(s)

2021-12-27 00:49:44 - [TEST_STEP][PASSED] - closeApplication(): Close app successfully

2021-12-27 00:49:45 - [MESSAGE][PASSED] - Close app successfully]]></system-out>
         <system-err><![CDATA[]]></system-err>
      </testcase>
      <system-out><![CDATA[2021-12-27 00:49:17 - [TEST_SUITE][PASSED] - Add to Cart: Test Cases/Add to cart]]></system-out>
      <system-err><![CDATA[]]></system-err>
   </testsuite>
</testsuites>
